<?xml version="1.0" encoding="UTF-8"?>
<testng-results ignored="0" total="1" passed="1" failed="0" skipped="0">
  <reporter-output>
  </reporter-output>
  <suite started-at="2021-12-03T01:19:14 IST" name="Default suite" finished-at="2021-12-03T01:19:15 IST" duration-ms="1476">
    <groups>
      <group name="cucumber">
        <method signature="AbstractTestNGCucumberTests.runScenario(io.cucumber.testng.PickleWrapper,io.cucumber.testng.FeatureWrapper)[pri:0, instance:testrunnerTest.testrunnertestngTest@7f3b84b8]" name="runScenario" class="io.cucumber.testng.AbstractTestNGCucumberTests"/>
      </group> <!-- cucumber -->
    </groups>
    <test started-at="2021-12-03T01:19:14 IST" name="Default test" finished-at="2021-12-03T01:19:15 IST" duration-ms="1476">
      <class name="testrunnerTest.testrunnertestngTest">
        <test-method is-config="true" signature="setUpClass(org.testng.ITestContext)[pri:0, instance:testrunnerTest.testrunnertestngTest@7f3b84b8]" started-at="2021-12-03T01:19:14 IST" name="setUpClass" finished-at="2021-12-03T01:19:14 IST" duration-ms="542" status="PASS">
          <params>
            <param index="0">
              <value>
                <![CDATA[org.testng.TestRunner@2ab2710]]>
              </value>
            </param>
          </params>
          <reporter-output>
          </reporter-output>
        </test-method> <!-- setUpClass -->
        <test-method signature="runScenario(io.cucumber.testng.PickleWrapper,io.cucumber.testng.FeatureWrapper)[pri:0, instance:testrunnerTest.testrunnertestngTest@7f3b84b8]" started-at="2021-12-03T01:19:14 IST" name="runScenario" description="Runs Cucumber Scenarios" data-provider="scenarios" finished-at="2021-12-03T01:19:15 IST" duration-ms="690" status="PASS">
          <params>
            <param index="0">
              <value>
                <![CDATA["Any test"]]>
              </value>
            </param>
            <param index="1">
              <value>
                <![CDATA["Optional[file of rough]"]]>
              </value>
            </param>
          </params>
          <reporter-output>
          </reporter-output>
        </test-method> <!-- runScenario -->
        <test-method is-config="true" signature="tearDownClass()[pri:0, instance:testrunnerTest.testrunnertestngTest@7f3b84b8]" started-at="2021-12-03T01:19:15 IST" name="tearDownClass" finished-at="2021-12-03T01:19:15 IST" duration-ms="204" status="PASS">
          <reporter-output>
          </reporter-output>
        </test-method> <!-- tearDownClass -->
      </class> <!-- testrunnerTest.testrunnertestngTest -->
    </test> <!-- Default test -->
  </suite> <!-- Default suite -->
</testng-results>
